09-03-2017 10:50 => user azer register.
09-03-2017 10:50 => user Krayorn loged in.
09-03-2017 10:50 => user Krayorn upload a file "cpasbo.PNG" de type "image".
09-03-2017 10:50 => user Krayorn upload a file "_mobile_34484_Going-Blind-Court.mp3" de type "audio".
09-03-2017 10:50 => user Krayorn upload a file "movie.mp4" de type "video".
09-03-2017 10:51 => user Krayorn delete the file "movie.mp4".
09-03-2017 10:51 => user Krayorn upload a file "SujetFiler2.pdf" de type "application".
09-03-2017 10:51 => user Krayorn delete the file "SujetFiler2.pdf".
09-03-2017 10:51 => user Krayorn renamed the file "Cpasbo.png" to "azer.png".
09-03-2017 10:51 => user Krayorn delete the file "azer.png".
09-03-2017 10:51 => user Krayorn upload a file "creed.png.PNG" de type "image".
09-03-2017 10:51 => user Krayorn upload a file "test.PNG" de type "image".
09-03-2017 10:51 => user Krayorn delete the file "_mobile_34484_Going-Blind-Court.mp3".
09-03-2017 10:52 => user Krayorn create the folder "folder".
09-03-2017 10:52 => user Krayorn move the file "creed.png.PNG" to "uploads/30/4/creed.png.PNG".
09-03-2017 10:52 => user Krayorn renamed the folder "folder" to "foldertest".
09-03-2017 10:52 => user Krayorn create the folder "aerrr".
09-03-2017 10:52 => user Krayorn move the folder "uploads/30/5" to "uploads/30/4/5".
09-03-2017 10:52 => user Krayorn move the file "test.PNG" to "uploads/30/4/5/test.PNG".
09-03-2017 10:53 => user Krayorn delete the file "test.PNG".
09-03-2017 10:53 => user Krayorn delete the folder "aerrr".
09-03-2017 10:53 => user Krayorn move the file "creed.png.PNG" to "uploads/30/creed.png.PNG".
09-03-2017 10:53 => user Krayorn delete the folder "foldertest".
09-03-2017 10:53 => user Krayorn delete the file "creed.png.PNG".
09-03-2017 10:53 => user Krayorn upload a file "cv.txt" de type "text".
09-03-2017 10:53 => user Krayorn change the content of "uploads/30/cv.txt"
09-03-2017 10:53 => user Krayorn change the content of "uploads/30/cv.txt"
09-03-2017 10:53 => user Krayorn delete the file "cv.txt".
09-03-2017 10:54 => user Krayorn loged out.
01-04-2017 17:28 => user Krayorn loged in.
01-04-2017 17:28 => user Krayorn upload a file "bg.png" de type "image".
01-04-2017 17:28 => user Krayorn create the folder "aze".
01-04-2017 17:28 => user Krayorn move the file "bg.png" to "uploads/30/1/bg.png".
01-04-2017 17:28 => user Krayorn delete the file "bg.png".
01-04-2017 17:28 => user Krayorn create the folder "rezarzer".
01-04-2017 17:28 => user Krayorn move the folder "uploads/30/2" to "uploads/30/1/2".
01-04-2017 17:29 => user Krayorn delete the folder "rezarzer".
01-04-2017 17:29 => user Krayorn delete the folder "aze".
